{"uid":"87c0ffcedb1f3e7a","name":"Verify user not navigated to dashboard page if uses Invalid credentials","fullName":"src/test/resources/features/login.feature:22","historyId":"ec28b920e870fa8cd51615035d6b3dea","time":{"start":1761134873448,"stop":1761134876568,"duration":3120},"status":"broken","statusMessage":"The following asserts failed:\n\tDashboard page is not visible expected [true] but found [false]","statusTrace":"java.lang.AssertionError: The following asserts failed:\n\tDashboard page is not visible expected [true] but found [false]\n\tat org.testng.asserts.SoftAssert.assertAll(SoftAssert.java:46)\n\tat org.testng.asserts.SoftAssert.assertAll(SoftAssert.java:30)\n\tat com.framework.utils.SoftAssertManager.assertAll(SoftAssertManager.java:73)\n\tat com.framework.stepdefinitions.Hooks.tearDown(Hooks.java:28)\n","flaky":false,"newFailed":false,"newBroken":false,"newPassed":false,"retriesCount":0,"retriesStatusChange":false,"beforeStages":[{"name":"com.framework.stepdefinitions.Hooks.setUp()","time":{"start":1761134873449,"stop":1761134874774,"duration":1325},"status":"passed","steps":[],"attachments":[],"parameters":[],"shouldDisplayMessage":false,"stepsCount":0,"attachmentsCount":0,"hasContent":false,"attachmentStep":false}],"testStage":{"status":"broken","statusMessage":"The following asserts failed:\n\tDashboard page is not visible expected [true] but found [false]","statusTrace":"java.lang.AssertionError: The following asserts failed:\n\tDashboard page is not visible expected [true] but found [false]\n\tat org.testng.asserts.SoftAssert.assertAll(SoftAssert.java:46)\n\tat org.testng.asserts.SoftAssert.assertAll(SoftAssert.java:30)\n\tat com.framework.utils.SoftAssertManager.assertAll(SoftAssertManager.java:73)\n\tat com.framework.stepdefinitions.Hooks.tearDown(Hooks.java:28)\n","steps":[{"name":"Given  User launches the application","time":{"start":1761134874774,"stop":1761134874775,"duration":1},"status":"passed","steps":[],"attachments":[],"parameters":[],"shouldDisplayMessage":false,"stepsCount":0,"attachmentsCount":0,"hasContent":false,"attachmentStep":false},{"name":"When  User login with username as \"Admin\" and password as \"Test\"","time":{"start":1761134874775,"stop":1761134875155,"duration":380},"status":"passed","steps":[],"attachments":[],"parameters":[],"shouldDisplayMessage":false,"stepsCount":0,"attachmentsCount":0,"hasContent":false,"attachmentStep":false},{"name":"Then  User should see the dashboard","time":{"start":1761134875155,"stop":1761134876403,"duration":1248},"status":"passed","steps":[{"name":"Dashboard page is not visible","time":{"start":1761134876402,"stop":1761134876402,"duration":0},"status":"failed","steps":[],"attachments":[],"parameters":[],"shouldDisplayMessage":false,"stepsCount":0,"attachmentsCount":0,"hasContent":false,"attachmentStep":false}],"attachments":[],"parameters":[],"shouldDisplayMessage":false,"stepsCount":1,"attachmentsCount":0,"hasContent":true,"attachmentStep":false}],"attachments":[],"parameters":[],"shouldDisplayMessage":true,"stepsCount":4,"attachmentsCount":0,"hasContent":true,"attachmentStep":false},"afterStages":[{"name":"com.framework.stepdefinitions.Hooks.tearDown(io.cucumber.java.Scenario)","time":{"start":1761134876403,"stop":1761134876568,"duration":165},"status":"failed","statusMessage":"AFTER is failed: The following asserts failed:\n\tDashboard page is not visible expected [true] but found [false]","statusTrace":"java.lang.AssertionError: The following asserts failed:\n\tDashboard page is not visible expected [true] but found [false]\n\tat org.testng.asserts.SoftAssert.assertAll(SoftAssert.java:46)\n\tat org.testng.asserts.SoftAssert.assertAll(SoftAssert.java:30)\n\tat com.framework.utils.SoftAssertManager.assertAll(SoftAssertManager.java:73)\n\tat com.framework.stepdefinitions.Hooks.tearDown(Hooks.java:28)\n","steps":[],"attachments":[{"uid":"450e8ee476478b49","name":"Soft Assertion Failures","source":"450e8ee476478b49.txt","type":"text/plain","size":94},{"uid":"246ed3776c262d21","name":"Verify user not navigated to dashboard page if uses Invalid credentials_20251022_120756","source":"246ed3776c262d21.png","type":"image/png","size":70314}],"parameters":[],"shouldDisplayMessage":true,"stepsCount":0,"attachmentsCount":2,"hasContent":true,"attachmentStep":false}],"labels":[{"name":"tag","value":"smoke"},{"name":"host","value":"runnervmwhb2z"},{"name":"thread","value":"2232@runnervmwhb2z.TestNG-PoolService-1(19)"},{"name":"feature","value":"Login Page OrangeHRM"},{"name":"story","value":"Verify user not navigated to dashboard page if uses Invalid credentials"},{"name":"suite","value":"Login Page OrangeHRM"},{"name":"testClass","value":"Verify user not navigated to dashboard page if uses Invalid credentials"},{"name":"framework","value":"cucumber4jvm"},{"name":"language","value":"java"},{"name":"gherkin_uri","value":"file:///home/runner/work/playwright-java-cucumber-framework/playwright-java-cucumber-framework/src/test/resources/features/login.feature"},{"name":"package","value":"src.test.resources.features.login_feature.Login Page OrangeHRM"},{"name":"resultFormat","value":"allure2"}],"parameters":[],"links":[],"hidden":false,"retry":false,"extra":{"severity":"normal","retries":[],"categories":[{"name":"Test defects","matchedStatuses":[],"flaky":false}],"tags":["smoke"]},"source":"87c0ffcedb1f3e7a.json","parameterValues":[]}