{"uid":"c9a9b8594e4d7be4","name":"Verify login functionality for Invalid credentials message","fullName":"src/test/resources/features/login.feature:16","historyId":"2addd8abb0f00f750381e4ce0d5f2a91","time":{"start":1761134872711,"stop":1761134875327,"duration":2616},"status":"broken","statusMessage":"The following asserts failed:\n\tExpected error message: Unable to login but found: Invalid credentials expected [true] but found [false]","statusTrace":"java.lang.AssertionError: The following asserts failed:\n\tExpected error message: Unable to login but found: Invalid credentials expected [true] but found [false]\n\tat org.testng.asserts.SoftAssert.assertAll(SoftAssert.java:46)\n\tat org.testng.asserts.SoftAssert.assertAll(SoftAssert.java:30)\n\tat com.framework.utils.SoftAssertManager.assertAll(SoftAssertManager.java:73)\n\tat com.framework.stepdefinitions.Hooks.tearDown(Hooks.java:28)\n","flaky":false,"newFailed":false,"newBroken":false,"newPassed":false,"retriesCount":0,"retriesStatusChange":false,"beforeStages":[{"name":"com.framework.stepdefinitions.Hooks.setUp()","time":{"start":1761134872711,"stop":1761134874017,"duration":1306},"status":"passed","steps":[],"attachments":[],"parameters":[],"shouldDisplayMessage":false,"stepsCount":0,"attachmentsCount":0,"hasContent":false,"attachmentStep":false}],"testStage":{"status":"broken","statusMessage":"The following asserts failed:\n\tExpected error message: Unable to login but found: Invalid credentials expected [true] but found [false]","statusTrace":"java.lang.AssertionError: The following asserts failed:\n\tExpected error message: Unable to login but found: Invalid credentials expected [true] but found [false]\n\tat org.testng.asserts.SoftAssert.assertAll(SoftAssert.java:46)\n\tat org.testng.asserts.SoftAssert.assertAll(SoftAssert.java:30)\n\tat com.framework.utils.SoftAssertManager.assertAll(SoftAssertManager.java:73)\n\tat com.framework.stepdefinitions.Hooks.tearDown(Hooks.java:28)\n","steps":[{"name":"Given  User launches the application","time":{"start":1761134874018,"stop":1761134874020,"duration":2},"status":"passed","steps":[],"attachments":[],"parameters":[],"shouldDisplayMessage":false,"stepsCount":0,"attachmentsCount":0,"hasContent":false,"attachmentStep":false},{"name":"When  User login with username as \"Admin\" and password as \"admin\"","time":{"start":1761134874021,"stop":1761134874337,"duration":316},"status":"passed","steps":[],"attachments":[],"parameters":[],"shouldDisplayMessage":false,"stepsCount":0,"attachmentsCount":0,"hasContent":false,"attachmentStep":false},{"name":"Then  User should see \"Unable to login\" error message","time":{"start":1761134874337,"stop":1761134875135,"duration":798},"status":"passed","steps":[{"name":"Expected error message: Unable to login but found: Invalid credentials","time":{"start":1761134875120,"stop":1761134875120,"duration":0},"status":"failed","steps":[],"attachments":[],"parameters":[],"shouldDisplayMessage":false,"stepsCount":0,"attachmentsCount":0,"hasContent":false,"attachmentStep":false}],"attachments":[],"parameters":[],"shouldDisplayMessage":false,"stepsCount":1,"attachmentsCount":0,"hasContent":true,"attachmentStep":false}],"attachments":[],"parameters":[],"shouldDisplayMessage":true,"stepsCount":4,"attachmentsCount":0,"hasContent":true,"attachmentStep":false},"afterStages":[{"name":"com.framework.stepdefinitions.Hooks.tearDown(io.cucumber.java.Scenario)","time":{"start":1761134875135,"stop":1761134875326,"duration":191},"status":"failed","statusMessage":"AFTER is failed: The following asserts failed:\n\tExpected error message: Unable to login but found: Invalid credentials expected [true] but found [false]","statusTrace":"java.lang.AssertionError: The following asserts failed:\n\tExpected error message: Unable to login but found: Invalid credentials expected [true] but found [false]\n\tat org.testng.asserts.SoftAssert.assertAll(SoftAssert.java:46)\n\tat org.testng.asserts.SoftAssert.assertAll(SoftAssert.java:30)\n\tat com.framework.utils.SoftAssertManager.assertAll(SoftAssertManager.java:73)\n\tat com.framework.stepdefinitions.Hooks.tearDown(Hooks.java:28)\n","steps":[],"attachments":[{"uid":"6a04a5923470d1b1","name":"Soft Assertion Failures","source":"6a04a5923470d1b1.txt","type":"text/plain","size":135},{"uid":"c90e052a80eb0010","name":"Verify login functionality for Invalid credentials message_20251022_120755","source":"c90e052a80eb0010.png","type":"image/png","size":70314}],"parameters":[],"shouldDisplayMessage":true,"stepsCount":0,"attachmentsCount":2,"hasContent":true,"attachmentStep":false}],"labels":[{"name":"tag","value":"smoke"},{"name":"host","value":"runnervmwhb2z"},{"name":"thread","value":"2232@runnervmwhb2z.TestNG-PoolService-0(18)"},{"name":"feature","value":"Login Page OrangeHRM"},{"name":"story","value":"Verify login functionality for Invalid credentials message"},{"name":"suite","value":"Login Page OrangeHRM"},{"name":"testClass","value":"Verify login functionality for Invalid credentials message"},{"name":"framework","value":"cucumber4jvm"},{"name":"language","value":"java"},{"name":"gherkin_uri","value":"file:///home/runner/work/playwright-java-cucumber-framework/playwright-java-cucumber-framework/src/test/resources/features/login.feature"},{"name":"package","value":"src.test.resources.features.login_feature.Login Page OrangeHRM"},{"name":"resultFormat","value":"allure2"}],"parameters":[],"links":[],"hidden":false,"retry":false,"extra":{"severity":"normal","retries":[],"categories":[{"name":"Test defects","matchedStatuses":[],"flaky":false}],"tags":["smoke"]},"source":"c9a9b8594e4d7be4.json","parameterValues":[]}