<?xml version="1.0" encoding="UTF-8"?>
<!-- Generated by org.testng.reporters.JUnitXMLReporter -->
<testsuite ignored="0" hostname="IN-GVHCX64" failures="2" tests="4" name="Default test" time="80.576" errors="0" timestamp="2025-10-21T19:26:15 IST">
  <testcase classname="io.cucumber.testng.AbstractTestNGCucumberTests" name="runScenario" time="69.444"/>
  <testcase classname="io.cucumber.testng.AbstractTestNGCucumberTests" name="runScenario" time="69.448"/>
  <testcase classname="io.cucumber.testng.AbstractTestNGCucumberTests" name="runScenario" time="9.547">
    <failure type="java.lang.AssertionError" message="The following asserts failed:
	Expected error message: Unable to login but found: Invalid credentials expected [true] but found [false]">
      <![CDATA[java.lang.AssertionError: The following asserts failed:
Expected error message: Unable to login but found: Invalid credentials expected [true] but found [false]
at org.testng.asserts.SoftAssert.assertAll(SoftAssert.java:46)
at org.testng.asserts.SoftAssert.assertAll(SoftAssert.java:30)
at com.framework.utils.SoftAssertManager.assertAll(SoftAssertManager.java:71)
at com.framework.stepdefinitions.Hooks.tearDown(Hooks.java:31)
]]>
    </failure>
  </testcase> <!-- runScenario -->
  <testcase classname="io.cucumber.testng.AbstractTestNGCucumberTests" name="runScenario" time="10.191">
    <failure type="java.lang.AssertionError" message="The following asserts failed:
	Dashboard page is not visible expected [true] but found [false]">
      <![CDATA[java.lang.AssertionError: The following asserts failed:
Dashboard page is not visible expected [true] but found [false]
at org.testng.asserts.SoftAssert.assertAll(SoftAssert.java:46)
at org.testng.asserts.SoftAssert.assertAll(SoftAssert.java:30)
at com.framework.utils.SoftAssertManager.assertAll(SoftAssertManager.java:71)
at com.framework.stepdefinitions.Hooks.tearDown(Hooks.java:31)
]]>
    </failure>
  </testcase> <!-- runScenario -->
</testsuite> <!-- Default test -->
