<?xml version="1.0" encoding="UTF-8"?>
<!-- Generated by org.testng.reporters.JUnitXMLReporter -->
<testsuite ignored="0" hostname="IN-GVHCX64" failures="2" tests="4" name="Cucumber Tests" time="39.812" errors="0" timestamp="2025-10-21T19:38:33 IST">
  <testcase classname="io.cucumber.testng.AbstractTestNGCucumberTests" name="runScenario" time="38.518">
    <failure type="java.lang.AssertionError" message="The following asserts failed:
	Expected error message: Unable to login but found: Invalid credentials expected [true] but found [false]">
      <![CDATA[java.lang.AssertionError: The following asserts failed:
Expected error message: Unable to login but found: Invalid credentials expected [true] but found [false]
at com.framework.utils.SoftAssertManager.assertAll(SoftAssertManager.java:103)
at com.framework.stepdefinitions.Hooks.tearDown(Hooks.java:31)
... Removed 2 stack frames]]>
    </failure>
  </testcase> <!-- runScenario -->
  <testcase classname="io.cucumber.testng.AbstractTestNGCucumberTests" name="runScenario" time="38.644"/>
  <testcase classname="io.cucumber.testng.AbstractTestNGCucumberTests" name="runScenario" time="38.795">
    <failure type="java.lang.AssertionError" message="The following asserts failed:
	Dashboard page is not visible expected [true] but found [false]">
      <![CDATA[java.lang.AssertionError: The following asserts failed:
Dashboard page is not visible expected [true] but found [false]
at com.framework.utils.SoftAssertManager.assertAll(SoftAssertManager.java:103)
at com.framework.stepdefinitions.Hooks.tearDown(Hooks.java:31)
... Removed 2 stack frames]]>
    </failure>
  </testcase> <!-- runScenario -->
  <testcase classname="io.cucumber.testng.AbstractTestNGCucumberTests" name="runScenario" time="38.938"/>
</testsuite> <!-- Cucumber Tests -->
