{"uid":"1e2e3984c6826136","name":"Verify login functionality for Invalid credentials message","fullName":"src/test/resources/features/login.feature:16","historyId":"2addd8abb0f00f750381e4ce0d5f2a91","time":{"start":1761154465134,"stop":1761154468519,"duration":3385},"status":"broken","statusMessage":"The following asserts failed:\n\tExpected error message: Unable to login but found: Invalid credentials expected [true] but found [false]","statusTrace":"java.lang.AssertionError: The following asserts failed:\n\tExpected error message: Unable to login but found: Invalid credentials expected [true] but found [false]\n\tat org.testng.asserts.SoftAssert.assertAll(SoftAssert.java:46)\n\tat org.testng.asserts.SoftAssert.assertAll(SoftAssert.java:30)\n\tat com.framework.utils.SoftAssertManager.assertAll(SoftAssertManager.java:73)\n\tat com.framework.stepdefinitions.Hooks.tearDown(Hooks.java:38)\n","flaky":false,"newFailed":false,"newBroken":false,"newPassed":false,"retriesCount":0,"retriesStatusChange":false,"beforeStages":[{"name":"com.framework.stepdefinitions.Hooks.setUp()","time":{"start":1761154465134,"stop":1761154466774,"duration":1640},"status":"passed","steps":[],"attachments":[],"parameters":[],"shouldDisplayMessage":false,"stepsCount":0,"attachmentsCount":0,"hasContent":false,"attachmentStep":false}],"testStage":{"status":"broken","statusMessage":"The following asserts failed:\n\tExpected error message: Unable to login but found: Invalid credentials expected [true] but found [false]","statusTrace":"java.lang.AssertionError: The following asserts failed:\n\tExpected error message: Unable to login but found: Invalid credentials expected [true] but found [false]\n\tat org.testng.asserts.SoftAssert.assertAll(SoftAssert.java:46)\n\tat org.testng.asserts.SoftAssert.assertAll(SoftAssert.java:30)\n\tat com.framework.utils.SoftAssertManager.assertAll(SoftAssertManager.java:73)\n\tat com.framework.stepdefinitions.Hooks.tearDown(Hooks.java:38)\n","steps":[{"name":"Given  User launches the application","time":{"start":1761154466774,"stop":1761154466775,"duration":1},"status":"passed","steps":[],"attachments":[],"parameters":[],"shouldDisplayMessage":false,"stepsCount":0,"attachmentsCount":0,"hasContent":false,"attachmentStep":false},{"name":"When  User login with username as \"Admin\" and password as \"admin\"","time":{"start":1761154466775,"stop":1761154467099,"duration":324},"status":"passed","steps":[],"attachments":[],"parameters":[],"shouldDisplayMessage":false,"stepsCount":0,"attachmentsCount":0,"hasContent":false,"attachmentStep":false},{"name":"Then  User should see \"Unable to login\" error message","time":{"start":1761154467099,"stop":1761154468338,"duration":1239},"status":"passed","steps":[{"name":"Expected error message: Unable to login but found: Invalid credentials","time":{"start":1761154468331,"stop":1761154468331,"duration":0},"status":"failed","steps":[],"attachments":[],"parameters":[],"shouldDisplayMessage":false,"stepsCount":0,"attachmentsCount":0,"hasContent":false,"attachmentStep":false}],"attachments":[],"parameters":[],"shouldDisplayMessage":false,"stepsCount":1,"attachmentsCount":0,"hasContent":true,"attachmentStep":false}],"attachments":[],"parameters":[],"shouldDisplayMessage":true,"stepsCount":4,"attachmentsCount":0,"hasContent":true,"attachmentStep":false},"afterStages":[{"name":"com.framework.stepdefinitions.Hooks.tearDown(io.cucumber.java.Scenario)","time":{"start":1761154468339,"stop":1761154468518,"duration":179},"status":"failed","statusMessage":"AFTER is failed: The following asserts failed:\n\tExpected error message: Unable to login but found: Invalid credentials expected [true] but found [false]","statusTrace":"java.lang.AssertionError: The following asserts failed:\n\tExpected error message: Unable to login but found: Invalid credentials expected [true] but found [false]\n\tat org.testng.asserts.SoftAssert.assertAll(SoftAssert.java:46)\n\tat org.testng.asserts.SoftAssert.assertAll(SoftAssert.java:30)\n\tat com.framework.utils.SoftAssertManager.assertAll(SoftAssertManager.java:73)\n\tat com.framework.stepdefinitions.Hooks.tearDown(Hooks.java:38)\n","steps":[],"attachments":[{"uid":"6e118be62d02517b","name":"Soft Assertion Failures","source":"6e118be62d02517b.txt","type":"text/plain","size":135},{"uid":"a9dce6e494bae65b","name":"Verify login functionality for Invalid credentials message_20251022_173428","source":"a9dce6e494bae65b.png","type":"image/png","size":70314}],"parameters":[],"shouldDisplayMessage":true,"stepsCount":0,"attachmentsCount":2,"hasContent":true,"attachmentStep":false}],"labels":[{"name":"tag","value":"smoke"},{"name":"host","value":"runnervmwhb2z"},{"name":"thread","value":"2165@runnervmwhb2z.TestNG-PoolService-0(18)"},{"name":"feature","value":"Login Page OrangeHRM"},{"name":"story","value":"Verify login functionality for Invalid credentials message"},{"name":"suite","value":"Login Page OrangeHRM"},{"name":"testClass","value":"Verify login functionality for Invalid credentials message"},{"name":"framework","value":"cucumber4jvm"},{"name":"language","value":"java"},{"name":"gherkin_uri","value":"file:///home/runner/work/playwright-java-cucumber-framework/playwright-java-cucumber-framework/src/test/resources/features/login.feature"},{"name":"package","value":"src.test.resources.features.login_feature.Login Page OrangeHRM"},{"name":"resultFormat","value":"allure2"}],"parameters":[],"links":[],"hidden":false,"retry":false,"extra":{"severity":"normal","retries":[],"categories":[{"name":"Test defects","matchedStatuses":[],"flaky":false}],"tags":["smoke"]},"source":"1e2e3984c6826136.json","parameterValues":[]}