{"uid":"f41485b303c32b56","name":"Verify user not navigated to dashboard page if uses Invalid credentials","fullName":"src/test/resources/features/login.feature:22","historyId":"ec28b920e870fa8cd51615035d6b3dea","time":{"start":1761154465952,"stop":1761154469670,"duration":3718},"status":"broken","statusMessage":"The following asserts failed:\n\tDashboard page is not visible expected [true] but found [false]","statusTrace":"java.lang.AssertionError: The following asserts failed:\n\tDashboard page is not visible expected [true] but found [false]\n\tat org.testng.asserts.SoftAssert.assertAll(SoftAssert.java:46)\n\tat org.testng.asserts.SoftAssert.assertAll(SoftAssert.java:30)\n\tat com.framework.utils.SoftAssertManager.assertAll(SoftAssertManager.java:73)\n\tat com.framework.stepdefinitions.Hooks.tearDown(Hooks.java:38)\n","flaky":false,"newFailed":false,"newBroken":false,"newPassed":false,"retriesCount":0,"retriesStatusChange":false,"beforeStages":[{"name":"com.framework.stepdefinitions.Hooks.setUp()","time":{"start":1761154465952,"stop":1761154467576,"duration":1624},"status":"passed","steps":[],"attachments":[],"parameters":[],"shouldDisplayMessage":false,"stepsCount":0,"attachmentsCount":0,"hasContent":false,"attachmentStep":false}],"testStage":{"status":"broken","statusMessage":"The following asserts failed:\n\tDashboard page is not visible expected [true] but found [false]","statusTrace":"java.lang.AssertionError: The following asserts failed:\n\tDashboard page is not visible expected [true] but found [false]\n\tat org.testng.asserts.SoftAssert.assertAll(SoftAssert.java:46)\n\tat org.testng.asserts.SoftAssert.assertAll(SoftAssert.java:30)\n\tat com.framework.utils.SoftAssertManager.assertAll(SoftAssertManager.java:73)\n\tat com.framework.stepdefinitions.Hooks.tearDown(Hooks.java:38)\n","steps":[{"name":"Given  User launches the application","time":{"start":1761154467576,"stop":1761154467577,"duration":1},"status":"passed","steps":[],"attachments":[],"parameters":[],"shouldDisplayMessage":false,"stepsCount":0,"attachmentsCount":0,"hasContent":false,"attachmentStep":false},{"name":"When  User login with username as \"Admin\" and password as \"Test\"","time":{"start":1761154467577,"stop":1761154468734,"duration":1157},"status":"passed","steps":[],"attachments":[],"parameters":[],"shouldDisplayMessage":false,"stepsCount":0,"attachmentsCount":0,"hasContent":false,"attachmentStep":false},{"name":"Then  User should see the dashboard","time":{"start":1761154468734,"stop":1761154469502,"duration":768},"status":"passed","steps":[{"name":"Dashboard page is not visible","time":{"start":1761154469501,"stop":1761154469501,"duration":0},"status":"failed","steps":[],"attachments":[],"parameters":[],"shouldDisplayMessage":false,"stepsCount":0,"attachmentsCount":0,"hasContent":false,"attachmentStep":false}],"attachments":[],"parameters":[],"shouldDisplayMessage":false,"stepsCount":1,"attachmentsCount":0,"hasContent":true,"attachmentStep":false}],"attachments":[],"parameters":[],"shouldDisplayMessage":true,"stepsCount":4,"attachmentsCount":0,"hasContent":true,"attachmentStep":false},"afterStages":[{"name":"com.framework.stepdefinitions.Hooks.tearDown(io.cucumber.java.Scenario)","time":{"start":1761154469502,"stop":1761154469670,"duration":168},"status":"failed","statusMessage":"AFTER is failed: The following asserts failed:\n\tDashboard page is not visible expected [true] but found [false]","statusTrace":"java.lang.AssertionError: The following asserts failed:\n\tDashboard page is not visible expected [true] but found [false]\n\tat org.testng.asserts.SoftAssert.assertAll(SoftAssert.java:46)\n\tat org.testng.asserts.SoftAssert.assertAll(SoftAssert.java:30)\n\tat com.framework.utils.SoftAssertManager.assertAll(SoftAssertManager.java:73)\n\tat com.framework.stepdefinitions.Hooks.tearDown(Hooks.java:38)\n","steps":[],"attachments":[{"uid":"7aa47e3661619e91","name":"Soft Assertion Failures","source":"7aa47e3661619e91.txt","type":"text/plain","size":94},{"uid":"3d4c9d72ac1cbebb","name":"Verify user not navigated to dashboard page if uses Invalid credentials_20251022_173429","source":"3d4c9d72ac1cbebb.png","type":"image/png","size":70314}],"parameters":[],"shouldDisplayMessage":true,"stepsCount":0,"attachmentsCount":2,"hasContent":true,"attachmentStep":false}],"labels":[{"name":"tag","value":"smoke"},{"name":"host","value":"runnervmwhb2z"},{"name":"thread","value":"2165@runnervmwhb2z.TestNG-PoolService-2(20)"},{"name":"feature","value":"Login Page OrangeHRM"},{"name":"story","value":"Verify user not navigated to dashboard page if uses Invalid credentials"},{"name":"suite","value":"Login Page OrangeHRM"},{"name":"testClass","value":"Verify user not navigated to dashboard page if uses Invalid credentials"},{"name":"framework","value":"cucumber4jvm"},{"name":"language","value":"java"},{"name":"gherkin_uri","value":"file:///home/runner/work/playwright-java-cucumber-framework/playwright-java-cucumber-framework/src/test/resources/features/login.feature"},{"name":"package","value":"src.test.resources.features.login_feature.Login Page OrangeHRM"},{"name":"resultFormat","value":"allure2"}],"parameters":[],"links":[],"hidden":false,"retry":false,"extra":{"severity":"normal","retries":[],"categories":[{"name":"Test defects","matchedStatuses":[],"flaky":false}],"tags":["smoke"]},"source":"f41485b303c32b56.json","parameterValues":[]}