<?xml version="1.0" encoding="UTF-8"?>
<!-- Generated by org.testng.reporters.JUnitReportReporter -->
<testsuite hostname="IN-GVHCX64" failures="2" tests="4" name="com.framework.runners.TestRunner" time="154.895" errors="0" timestamp="2025-10-21T19:38:33 IST" skipped="0">
  <testcase classname="com.framework.runners.TestRunner" name="runScenario" time="38.795">
    <failure message="The following asserts failed:
	Dashboard page is not visible expected [true] but found [false]" type="java.lang.AssertionError">
      <![CDATA[java.lang.AssertionError: The following asserts failed:
Dashboard page is not visible expected [true] but found [false]
at org.testng.asserts.SoftAssert.assertAll(SoftAssert.java:46)
at org.testng.asserts.SoftAssert.assertAll(SoftAssert.java:30)
at com.framework.utils.SoftAssertManager.assertAll(SoftAssertManager.java:103)
at com.framework.stepdefinitions.Hooks.tearDown(Hooks.java:31)
]]>
    </failure>
  </testcase> <!-- runScenario -->
  <testcase classname="com.framework.runners.TestRunner" name="runScenario" time="38.938"/>
  <testcase classname="com.framework.runners.TestRunner" name="runScenario" time="38.518">
    <failure message="The following asserts failed:
	Expected error message: Unable to login but found: Invalid credentials expected [true] but found [false]" type="java.lang.AssertionError">
      <![CDATA[java.lang.AssertionError: The following asserts failed:
Expected error message: Unable to login but found: Invalid credentials expected [true] but found [false]
at org.testng.asserts.SoftAssert.assertAll(SoftAssert.java:46)
at org.testng.asserts.SoftAssert.assertAll(SoftAssert.java:30)
at com.framework.utils.SoftAssertManager.assertAll(SoftAssertManager.java:103)
at com.framework.stepdefinitions.Hooks.tearDown(Hooks.java:31)
]]>
    </failure>
  </testcase> <!-- runScenario -->
  <testcase classname="com.framework.runners.TestRunner" name="runScenario" time="38.644"/>
</testsuite> <!-- com.framework.runners.TestRunner -->
